\BOOKMARK [0][-]{chapter*.2}{Abstract}{}% 1
\BOOKMARK [0][-]{section*.3}{Contents}{}% 2
\BOOKMARK [0][-]{chapter.1}{Introduction}{}% 3
\BOOKMARK [1][-]{section.1.1}{Terminology and Fundamentals}{chapter.1}% 4
\BOOKMARK [1][-]{section.1.2}{Related Work}{chapter.1}% 5
\BOOKMARK [0][-]{chapter.2}{The Algorithm}{}% 6
\BOOKMARK [1][-]{section.2.1}{Problem Specification}{chapter.2}% 7
\BOOKMARK [1][-]{section.2.2}{Description}{chapter.2}% 8
\BOOKMARK [1][-]{section.2.3}{Analysis and Proof}{chapter.2}% 9
\BOOKMARK [0][-]{chapter.3}{Implementation}{}% 10
\BOOKMARK [1][-]{section.3.1}{Architecture}{chapter.3}% 11
\BOOKMARK [1][-]{section.3.2}{GUI}{chapter.3}% 12
\BOOKMARK [1][-]{section.3.3}{Drawing Area}{chapter.3}% 13
\BOOKMARK [1][-]{section.3.4}{Routing Algorithm}{chapter.3}% 14
\BOOKMARK [1][-]{section.3.5}{Challenges}{chapter.3}% 15
\BOOKMARK [1][-]{section.3.6}{Workflow}{chapter.3}% 16
\BOOKMARK [0][-]{chapter.4}{Evaluation and Testing}{}% 17
\BOOKMARK [1][-]{section.4.1}{Data generation}{chapter.4}% 18
\BOOKMARK [1][-]{section.4.2}{Experimental Setup}{chapter.4}% 19
\BOOKMARK [1][-]{section.4.3}{Results}{chapter.4}% 20
\BOOKMARK [0][-]{chapter.5}{Conclusion}{}% 21
\BOOKMARK [1][-]{section.5.1}{Further notes}{chapter.5}% 22
\BOOKMARK [0][-]{section*.14}{Bibliography}{}% 23
